<?xml version="1.0" encoding="UTF-8"?>
<testsuite name="com.employee.crud.CrudApplicationTests" tests="1" skipped="0" failures="0" errors="0" timestamp="2019-02-22T06:52:29" hostname="bogon" time="0.164">
  <properties/>
  <testcase name="contextLoads" classname="com.employee.crud.CrudApplicationTests" time="0.164"/>
  <system-out><![CDATA[14:52:25.226 [Test worker] DEBUG org.springframework.test.context.junit4.SpringJUnit4ClassRunner - SpringJUnit4ClassRunner constructor called with [class com.employee.crud.CrudApplicationTests]
14:52:25.233 [Test worker] DEBUG org.springframework.test.context.BootstrapUtils - Instantiating CacheAwareContextLoaderDelegate from class [org.springframework.test.context.cache.DefaultCacheAwareContextLoaderDelegate]
14:52:25.242 [Test worker] DEBUG org.springframework.test.context.BootstrapUtils - Instantiating BootstrapContext using constructor [public org.springframework.test.context.support.DefaultBootstrapContext(java.lang.Class,org.springframework.test.context.CacheAwareContextLoaderDelegate)]
14:52:25.259 [Test worker] DEBUG org.springframework.test.context.BootstrapUtils - Instantiating TestContextBootstrapper for test class [com.employee.crud.CrudApplicationTests] from class [org.springframework.boot.test.context.SpringBootTestContextBootstrapper]
14:52:25.269 [Test worker] INFO org.springframework.boot.test.context.SpringBootTestContextBootstrapper - Neither @ContextConfiguration nor @ContextHierarchy found for test class [com.employee.crud.CrudApplicationTests], using SpringBootContextLoader
14:52:25.272 [Test worker] DEBUG org.springframework.test.context.support.AbstractContextLoader - Did not detect default resource location for test class [com.employee.crud.CrudApplicationTests]: class path resource [com/employee/crud/CrudApplicationTests-context.xml] does not exist
14:52:25.272 [Test worker] DEBUG org.springframework.test.context.support.AbstractContextLoader - Did not detect default resource location for test class [com.employee.crud.CrudApplicationTests]: class path resource [com/employee/crud/CrudApplicationTestsContext.groovy] does not exist
14:52:25.272 [Test worker] INFO org.springframework.test.context.support.AbstractContextLoader - Could not detect default resource locations for test class [com.employee.crud.CrudApplicationTests]: no resource found for suffixes {-context.xml, Context.groovy}.
14:52:25.273 [Test worker] INFO org.springframework.test.context.support.AnnotationConfigContextLoaderUtils - Could not detect default configuration classes for test class [com.employee.crud.CrudApplicationTests]: CrudApplicationTests does not declare any static, non-private, non-final, nested classes annotated with @Configuration.
14:52:25.309 [Test worker] DEBUG org.springframework.test.context.support.ActiveProfilesUtils - Could not find an 'annotation declaring class' for annotation type [org.springframework.test.context.ActiveProfiles] and class [com.employee.crud.CrudApplicationTests]
14:52:25.384 [Test worker] DEBUG org.springframework.context.annotation.ClassPathScanningCandidateComponentProvider - Identified candidate component class: file [/Users/mucheng/Documents/crud/build/classes/java/main/com/employee/crud/Application.class]
14:52:25.385 [Test worker] INFO org.springframework.boot.test.context.SpringBootTestContextBootstrapper - Found @SpringBootConfiguration com.employee.crud.Application for test class com.employee.crud.CrudApplicationTests
14:52:25.478 [Test worker] DEBUG org.springframework.boot.test.context.SpringBootTestContextBootstrapper - @TestExecutionListeners is not present for class [com.employee.crud.CrudApplicationTests]: using defaults.
14:52:25.479 [Test worker] INFO org.springframework.boot.test.context.SpringBootTestContextBootstrapper - Loaded default TestExecutionListener class names from location [META-INF/spring.factories]: [org.springframework.boot.test.autoconfigure.restdocs.RestDocsTestExecutionListener, org.springframework.boot.test.autoconfigure.web.client.MockRestServiceServerResetTestExecutionListener, org.springframework.boot.test.autoconfigure.web.servlet.MockMvcPrintOnlyOnFailureTestExecutionListener, org.springframework.boot.test.autoconfigure.web.servlet.WebDriverTestExecutionListener, org.springframework.boot.test.mock.mockito.MockitoTestExecutionListener, org.springframework.boot.test.mock.mockito.ResetMocksTestExecutionListener, org.springframework.test.context.web.ServletTestExecutionListener, org.springframework.test.context.support.DirtiesContextBeforeModesTestExecutionListener, org.springframework.test.context.support.DependencyInjectionTestExecutionListener, org.springframework.test.context.support.DirtiesContextTestExecutionListener, org.springframework.test.context.transaction.TransactionalTestExecutionListener, org.springframework.test.context.jdbc.SqlScriptsTestExecutionListener]
14:52:25.497 [Test worker] INFO org.springframework.boot.test.context.SpringBootTestContextBootstrapper - Using TestExecutionListeners: [org.springframework.test.context.web.ServletTestExecutionListener@21769855, org.springframework.test.context.support.DirtiesContextBeforeModesTestExecutionListener@131c5617, org.springframework.boot.test.mock.mockito.MockitoTestExecutionListener@6af4b2bc, org.springframework.boot.test.autoconfigure.SpringBootDependencyInjectionTestExecutionListener@5b45547f, org.springframework.test.context.support.DirtiesContextTestExecutionListener@4ee4cb72, org.springframework.test.context.transaction.TransactionalTestExecutionListener@3fb99057, org.springframework.test.context.jdbc.SqlScriptsTestExecutionListener@7097a44e, org.springframework.boot.test.autoconfigure.restdocs.RestDocsTestExecutionListener@180e08f, org.springframework.boot.test.autoconfigure.web.client.MockRestServiceServerResetTestExecutionListener@69d71496, org.springframework.boot.test.autoconfigure.web.servlet.MockMvcPrintOnlyOnFailureTestExecutionListener@1a1f0ad3, org.springframework.boot.test.autoconfigure.web.servlet.WebDriverTestExecutionListener@5767780a, org.springframework.boot.test.mock.mockito.ResetMocksTestExecutionListener@51656ef1]
14:52:25.499 [Test worker] DEBUG org.springframework.test.annotation.ProfileValueUtils - Retrieved @ProfileValueSourceConfiguration [null] for test class [com.employee.crud.CrudApplicationTests]
14:52:25.500 [Test worker] DEBUG org.springframework.test.annotation.ProfileValueUtils - Retrieved ProfileValueSource type [class org.springframework.test.annotation.SystemProfileValueSource] for class [com.employee.crud.CrudApplicationTests]
14:52:25.500 [Test worker] DEBUG org.springframework.test.annotation.ProfileValueUtils - Retrieved @ProfileValueSourceConfiguration [null] for test class [com.employee.crud.CrudApplicationTests]
14:52:25.500 [Test worker] DEBUG org.springframework.test.annotation.ProfileValueUtils - Retrieved ProfileValueSource type [class org.springframework.test.annotation.SystemProfileValueSource] for class [com.employee.crud.CrudApplicationTests]
14:52:25.504 [Test worker] DEBUG org.springframework.test.context.support.AbstractDirtiesContextTestExecutionListener - Before test class: context [DefaultTestContext@29289468 testClass = CrudApplicationTests, testInstance = [null], testMethod = [null], testException = [null], mergedContextConfiguration = [WebMergedContextConfiguration@51176acd testClass = CrudApplicationTests, locations = '{}', classes = '{class com.employee.crud.Application}', contextInitializerClasses = '[]', activeProfiles = '{}', propertySourceLocations = '{}', propertySourceProperties = '{org.springframework.boot.test.context.SpringBootTestContextBootstrapper=true}', contextCustomizers = set[org.springframework.boot.test.autoconfigure.properties.PropertyMappingContextCustomizer@0, org.springframework.boot.test.autoconfigure.web.servlet.WebDriverContextCustomizerFactory$Customizer@ef33906, org.springframework.boot.test.context.filter.ExcludeFilterContextCustomizer@11041d19, org.springframework.boot.test.json.DuplicateJsonObjectContextCustomizerFactory$DuplicateJsonObjectContextCustomizer@2f7f7529, org.springframework.boot.test.mock.mockito.MockitoContextCustomizer@0, org.springframework.boot.test.web.client.TestRestTemplateContextCustomizer@45631b7f], resourceBasePath = 'src/main/webapp', contextLoader = 'org.springframework.boot.test.context.SpringBootContextLoader', parent = [null]], attributes = map['org.springframework.test.context.web.ServletTestExecutionListener.activateListener' -> true]], class annotated with @DirtiesContext [false] with mode [null].
14:52:25.505 [Test worker] DEBUG org.springframework.test.annotation.ProfileValueUtils - Retrieved @ProfileValueSourceConfiguration [null] for test class [com.employee.crud.CrudApplicationTests]
14:52:25.505 [Test worker] DEBUG org.springframework.test.annotation.ProfileValueUtils - Retrieved ProfileValueSource type [class org.springframework.test.annotation.SystemProfileValueSource] for class [com.employee.crud.CrudApplicationTests]
14:52:25.526 [Test worker] DEBUG org.springframework.test.context.support.TestPropertySourceUtils - Adding inlined properties to environment: {spring.jmx.enabled=false, org.springframework.boot.test.context.SpringBootTestContextBootstrapper=true, server.port=-1}

  .   ____          _            __ _ _
 /\\ / ___'_ __ _ _(_)_ __  __ _ \ \ \ \
( ( )\___ | '_ | '_| | '_ \/ _` | \ \ \ \
 \\/  ___)| |_)| | | | | || (_| |  ) ) ) )
  '  |____| .__|_| |_|_| |_\__, | / / / /
 =========|_|==============|___/=/_/_/_/
 :: Spring Boot ::        (v2.1.3.RELEASE)

2019-02-22 14:52:25.735  INFO 2266 --- [    Test worker] com.employee.crud.CrudApplicationTests   : Starting CrudApplicationTests on bogon with PID 2266 (started by mucheng in /Users/mucheng/Documents/crud)
2019-02-22 14:52:25.737  INFO 2266 --- [    Test worker] com.employee.crud.CrudApplicationTests   : No active profile set, falling back to default profiles: default
2019-02-22 14:52:26.283  INFO 2266 --- [    Test worker] .s.d.r.c.RepositoryConfigurationDelegate : Bootstrapping Spring Data repositories in DEFAULT mode.
2019-02-22 14:52:26.342  INFO 2266 --- [    Test worker] .s.d.r.c.RepositoryConfigurationDelegate : Finished Spring Data repository scanning in 53ms. Found 1 repository interfaces.
2019-02-22 14:52:26.708  INFO 2266 --- [    Test worker] trationDelegate$BeanPostProcessorChecker : Bean 'org.springframework.transaction.annotation.ProxyTransactionManagementConfiguration' of type [org.springframework.transaction.annotation.ProxyTransactionManagementConfiguration$$EnhancerBySpringCGLIB$$7335df7e] is not eligible for getting processed by all BeanPostProcessors (for example: not eligible for auto-proxying)
2019-02-22 14:52:26.929  INFO 2266 --- [    Test worker] o.hibernate.jpa.internal.util.LogHelper  : HHH000204: Processing PersistenceUnitInfo [
	name: default
	...]
2019-02-22 14:52:26.981  INFO 2266 --- [    Test worker] org.hibernate.Version                    : HHH000412: Hibernate Core {5.3.7.Final}
2019-02-22 14:52:26.984  INFO 2266 --- [    Test worker] org.hibernate.cfg.Environment            : HHH000206: hibernate.properties not found
2019-02-22 14:52:27.152  INFO 2266 --- [    Test worker] o.hibernate.annotations.common.Version   : HCANN000001: Hibernate Commons Annotations {5.0.4.Final}
2019-02-22 14:52:27.262  INFO 2266 --- [    Test worker] com.zaxxer.hikari.HikariDataSource       : HikariPool-1 - Starting...
2019-02-22 14:52:27.606  INFO 2266 --- [    Test worker] com.zaxxer.hikari.HikariDataSource       : HikariPool-1 - Start completed.
2019-02-22 14:52:27.620  INFO 2266 --- [    Test worker] org.hibernate.dialect.Dialect            : HHH000400: Using dialect: org.hibernate.dialect.MySQL5Dialect
2019-02-22 14:52:28.229  INFO 2266 --- [    Test worker] j.LocalContainerEntityManagerFactoryBean : Initialized JPA EntityManagerFactory for persistence unit 'default'
2019-02-22 14:52:28.952  INFO 2266 --- [    Test worker] o.s.s.concurrent.ThreadPoolTaskExecutor  : Initializing ExecutorService 'applicationTaskExecutor'
2019-02-22 14:52:28.999  WARN 2266 --- [    Test worker] aWebConfiguration$JpaWebMvcConfiguration : spring.jpa.open-in-view is enabled by default. Therefore, database queries may be performed during view rendering. Explicitly configure spring.jpa.open-in-view to disable this warning
2019-02-22 14:52:29.304  INFO 2266 --- [    Test worker] com.employee.crud.CrudApplicationTests   : Started CrudApplicationTests in 3.77 seconds (JVM running for 4.622)
]]></system-out>
  <system-err><![CDATA[]]></system-err>
</testsuite>
